-------------------------------------------------------------------------------
Test set: TestSuite
-------------------------------------------------------------------------------
Tests run: 26, Failures: 5, Errors: 0, Skipped: 0, Time elapsed: 2,214.257 sec <<< FAILURE! - in TestSuite
testVDRFlow(org.fwcms.cdc.vdr.VDRManualEntryHappyFlowTest)  Time elapsed: 144.393 sec  <<< FAILURE!
org.openqa.selenium.TimeoutException: 
Timed out after 60 seconds waiting for visibility of [[FirefoxDriver: firefox on WINDOWS (9ba5048d-5d75-4fcc-b5ce-e81c906f5825)] -> css selector: div[id='save_worker_details']>span:nth-child(2)>span]
Build info: version: '2.52.0', revision: '4c2593cfc3689a7fcd7be52549167e5ccc93ad28', time: '2016-02-11 11:22:43'
System info: host: 'QA1-PC', ip: '10.0.1.50', os.name: 'Windows 7', os.arch: 'amd64', os.version: '6.1', java.version: '1.7.0_67'
Session ID: 9ba5048d-5d75-4fcc-b5ce-e81c906f5825
Driver info: org.openqa.selenium.firefox.FirefoxDriver
Capabilities [{platform=WINDOWS, acceptSslCerts=true, javascriptEnabled=true, cssSelectorsEnabled=true, databaseEnabled=true, browserName=firefox, handlesAlerts=true, nativeEvents=false, webStorageEnabled=true, rotatable=false, locationContextEnabled=true, applicationCacheEnabled=true, takesScreenshot=true, version=46.0}]
	at org.fwcms.cdc.vdr.VDRManualEntryHappyFlowTest.testVDRFlow(VDRManualEntryHappyFlowTest.java:59)

testAbortFunctionalityWorkerPointOfEntryPage(org.fwcms.cdc.vdr.VDRAbortFunctionalityTest)  Time elapsed: 166.541 sec  <<< FAILURE!
org.openqa.selenium.TimeoutException: 
Timed out after 60 seconds waiting for visibility of Proxy element for: DefaultElementLocator 'By.className: kdn_details_list'
Build info: version: '2.52.0', revision: '4c2593cfc3689a7fcd7be52549167e5ccc93ad28', time: '2016-02-11 11:22:43'
System info: host: 'QA1-PC', ip: '10.0.1.50', os.name: 'Windows 7', os.arch: 'amd64', os.version: '6.1', java.version: '1.7.0_67'
Session ID: 0cabc52c-c4cf-482e-a8f0-14e8233f525c
Driver info: org.openqa.selenium.firefox.FirefoxDriver
Capabilities [{platform=WINDOWS, acceptSslCerts=true, javascriptEnabled=true, cssSelectorsEnabled=true, databaseEnabled=true, browserName=firefox, handlesAlerts=true, nativeEvents=false, webStorageEnabled=true, rotatable=false, locationContextEnabled=true, applicationCacheEnabled=true, takesScreenshot=true, version=46.0}]
	at org.fwcms.cdc.vdr.VDRAbortFunctionalityTest.testAbortFunctionalityWorkerPointOfEntryPage(VDRAbortFunctionalityTest.java:118)
Caused by: org.openqa.selenium.NoSuchElementException: 
Unable to locate element: {"method":"class name","selector":"kdn_details_list"}
Command duration or timeout: 60.04 seconds
For documentation on this error, please visit: http://seleniumhq.org/exceptions/no_such_element.html
Build info: version: '2.52.0', revision: '4c2593cfc3689a7fcd7be52549167e5ccc93ad28', time: '2016-02-11 11:22:43'
System info: host: 'QA1-PC', ip: '10.0.1.50', os.name: 'Windows 7', os.arch: 'amd64', os.version: '6.1', java.version: '1.7.0_67'
*** Element info: {Using=class name, value=kdn_details_list}
Session ID: 0cabc52c-c4cf-482e-a8f0-14e8233f525c
Driver info: org.openqa.selenium.firefox.FirefoxDriver
Capabilities [{platform=WINDOWS, acceptSslCerts=true, javascriptEnabled=true, cssSelectorsEnabled=true, databaseEnabled=true, browserName=firefox, handlesAlerts=true, nativeEvents=false, webStorageEnabled=true, rotatable=false, locationContextEnabled=true, applicationCacheEnabled=true, takesScreenshot=true, version=46.0}]
	at org.fwcms.cdc.vdr.VDRAbortFunctionalityTest.testAbortFunctionalityWorkerPointOfEntryPage(VDRAbortFunctionalityTest.java:118)
Caused by: org.openqa.selenium.NoSuchElementException: 
Unable to locate element: {"method":"class name","selector":"kdn_details_list"}
For documentation on this error, please visit: http://seleniumhq.org/exceptions/no_such_element.html
Build info: version: '2.52.0', revision: '4c2593cfc3689a7fcd7be52549167e5ccc93ad28', time: '2016-02-11 11:22:43'
System info: host: 'QA1-PC', ip: '10.0.1.50', os.name: 'Windows 7', os.arch: 'amd64', os.version: '6.1', java.version: '1.7.0_67'
Driver info: driver.version: unknown

verifyClearListFunctionalityInWorkerSelection(org.fwcms.cdc.vdr.VDRClearListFunctionalityTest)  Time elapsed: 190.181 sec  <<< FAILURE!
org.openqa.selenium.TimeoutException: 
Timed out after 60 seconds waiting for visibility of Proxy element for: DefaultElementLocator 'By.className: kdn_details_list'
Build info: version: '2.52.0', revision: '4c2593cfc3689a7fcd7be52549167e5ccc93ad28', time: '2016-02-11 11:22:43'
System info: host: 'QA1-PC', ip: '10.0.1.50', os.name: 'Windows 7', os.arch: 'amd64', os.version: '6.1', java.version: '1.7.0_67'
Session ID: ba9a2823-8928-4b75-b4d7-7a340f840729
Driver info: org.openqa.selenium.firefox.FirefoxDriver
Capabilities [{platform=WINDOWS, acceptSslCerts=true, javascriptEnabled=true, cssSelectorsEnabled=true, databaseEnabled=true, browserName=firefox, handlesAlerts=true, nativeEvents=false, webStorageEnabled=true, rotatable=false, locationContextEnabled=true, applicationCacheEnabled=true, takesScreenshot=true, version=46.0}]
	at org.fwcms.cdc.vdr.VDRClearListFunctionalityTest.verifyClearListFunctionalityInWorkerSelection(VDRClearListFunctionalityTest.java:67)
Caused by: org.openqa.selenium.NoSuchElementException: 
Unable to locate element: {"method":"class name","selector":"kdn_details_list"}
Command duration or timeout: 60.11 seconds
For documentation on this error, please visit: http://seleniumhq.org/exceptions/no_such_element.html
Build info: version: '2.52.0', revision: '4c2593cfc3689a7fcd7be52549167e5ccc93ad28', time: '2016-02-11 11:22:43'
System info: host: 'QA1-PC', ip: '10.0.1.50', os.name: 'Windows 7', os.arch: 'amd64', os.version: '6.1', java.version: '1.7.0_67'
*** Element info: {Using=class name, value=kdn_details_list}
Session ID: ba9a2823-8928-4b75-b4d7-7a340f840729
Driver info: org.openqa.selenium.firefox.FirefoxDriver
Capabilities [{platform=WINDOWS, acceptSslCerts=true, javascriptEnabled=true, cssSelectorsEnabled=true, databaseEnabled=true, browserName=firefox, handlesAlerts=true, nativeEvents=false, webStorageEnabled=true, rotatable=false, locationContextEnabled=true, applicationCacheEnabled=true, takesScreenshot=true, version=46.0}]
	at org.fwcms.cdc.vdr.VDRClearListFunctionalityTest.verifyClearListFunctionalityInWorkerSelection(VDRClearListFunctionalityTest.java:67)
Caused by: org.openqa.selenium.NoSuchElementException: 
Unable to locate element: {"method":"class name","selector":"kdn_details_list"}
For documentation on this error, please visit: http://seleniumhq.org/exceptions/no_such_element.html
Build info: version: '2.52.0', revision: '4c2593cfc3689a7fcd7be52549167e5ccc93ad28', time: '2016-02-11 11:22:43'
System info: host: 'QA1-PC', ip: '10.0.1.50', os.name: 'Windows 7', os.arch: 'amd64', os.version: '6.1', java.version: '1.7.0_67'
Driver info: driver.version: unknown

testCSVUploadWorkersVerification(org.fwcms.cdc.vdr.VerifyInvalidDataCSVUploadTest)  Time elapsed: 83.418 sec  <<< FAILURE!
org.openqa.selenium.TimeoutException: 
Timed out after 60 seconds waiting for condition to not be valid: visibility of [[FirefoxDriver: firefox on WINDOWS (f6dda575-c51a-4348-a333-2ffe2d624e6d)] -> id: overlay]
Build info: version: '2.52.0', revision: '4c2593cfc3689a7fcd7be52549167e5ccc93ad28', time: '2016-02-11 11:22:43'
System info: host: 'QA1-PC', ip: '10.0.1.50', os.name: 'Windows 7', os.arch: 'amd64', os.version: '6.1', java.version: '1.7.0_67'
Session ID: f6dda575-c51a-4348-a333-2ffe2d624e6d
Driver info: org.openqa.selenium.firefox.FirefoxDriver
Capabilities [{platform=WINDOWS, acceptSslCerts=true, javascriptEnabled=true, cssSelectorsEnabled=true, databaseEnabled=true, browserName=firefox, handlesAlerts=true, nativeEvents=false, webStorageEnabled=true, rotatable=false, locationContextEnabled=true, applicationCacheEnabled=true, takesScreenshot=true, version=46.0}]
	at org.fwcms.cdc.vdr.VerifyInvalidDataCSVUploadTest.testCSVUploadWorkersVerification(VerifyInvalidDataCSVUploadTest.java:50)

testQuotaLimitExceededError(org.fwcms.cdc.vdr.VerifyQuotaExceededTest)  Time elapsed: 79.22 sec  <<< FAILURE!
org.openqa.selenium.TimeoutException: 
Timed out after 60 seconds waiting for condition to not be valid: visibility of [[FirefoxDriver: firefox on WINDOWS (2744d489-08c7-4a22-92b2-cb67f556ecf9)] -> id: overlay]
Build info: version: '2.52.0', revision: '4c2593cfc3689a7fcd7be52549167e5ccc93ad28', time: '2016-02-11 11:22:43'
System info: host: 'QA1-PC', ip: '10.0.1.50', os.name: 'Windows 7', os.arch: 'amd64', os.version: '6.1', java.version: '1.7.0_67'
Session ID: 2744d489-08c7-4a22-92b2-cb67f556ecf9
Driver info: org.openqa.selenium.firefox.FirefoxDriver
Capabilities [{platform=WINDOWS, acceptSslCerts=true, javascriptEnabled=true, cssSelectorsEnabled=true, databaseEnabled=true, browserName=firefox, handlesAlerts=true, nativeEvents=false, webStorageEnabled=true, rotatable=false, locationContextEnabled=true, applicationCacheEnabled=true, takesScreenshot=true, version=46.0}]
	at org.fwcms.cdc.vdr.VerifyQuotaExceededTest.testQuotaLimitExceededError(VerifyQuotaExceededTest.java:51)

